<?xml version="1.0" encoding="UTF-8"?>
<testsuite xmlns:xsi="http://www.w3.org/2001/XMLSchema-instance" xsi:noNamespaceSchemaLocation="https://maven.apache.org/surefire/maven-surefire-plugin/xsd/surefire-test-report-3.0.xsd" version="3.0" name="treeImplementation.BSTreeTest" time="0.055" tests="13" errors="0" skipped="0" failures="0">
  <properties>
    <property name="java.specification.version" value="20"/>
    <property name="sun.cpu.isalist" value="amd64"/>
    <property name="sun.jnu.encoding" value="Cp1252"/>
    <property name="java.class.path" value="C:\Users\oribe\Documents\NetBeansProjects\A3Group1\target\test-classes;C:\Users\oribe\Documents\NetBeansProjects\A3Group1\target\classes;C:\Users\oribe\.m2\repository\junit\junit\4.13.2\junit-4.13.2.jar;C:\Users\oribe\.m2\repository\org\hamcrest\hamcrest-core\1.3\hamcrest-core-1.3.jar;"/>
    <property name="java.vm.vendor" value="Azul Systems, Inc."/>
    <property name="sun.arch.data.model" value="64"/>
    <property name="user.variant" value=""/>
    <property name="java.vendor.url" value="http://www.azul.com/"/>
    <property name="user.timezone" value="America/Edmonton"/>
    <property name="os.name" value="Windows 11"/>
    <property name="java.vm.specification.version" value="20"/>
    <property name="user.country" value="CA"/>
    <property name="sun.java.launcher" value="SUN_STANDARD"/>
    <property name="sun.boot.library.path" value="C:\Program Files\Apache NetBeans\jdk\bin"/>
    <property name="sun.java.command" value="C:\Users\oribe\AppData\Local\Temp\surefire15765953059074121325\surefirebooter-20231210172127527_3.jar C:\Users\oribe\AppData\Local\Temp\surefire15765953059074121325 2023-12-10T17-21-27_367-jvmRun1 surefire-20231210172127527_1tmp surefire_0-20231210172127527_2tmp"/>
    <property name="jdk.debug" value="release"/>
    <property name="test" value="treeImplementation.BSTreeTest"/>
    <property name="surefire.test.class.path" value="C:\Users\oribe\Documents\NetBeansProjects\A3Group1\target\test-classes;C:\Users\oribe\Documents\NetBeansProjects\A3Group1\target\classes;C:\Users\oribe\.m2\repository\junit\junit\4.13.2\junit-4.13.2.jar;C:\Users\oribe\.m2\repository\org\hamcrest\hamcrest-core\1.3\hamcrest-core-1.3.jar;"/>
    <property name="sun.cpu.endian" value="little"/>
    <property name="user.home" value="C:\Users\oribe"/>
    <property name="user.language" value="en"/>
    <property name="java.specification.vendor" value="Oracle Corporation"/>
    <property name="java.version.date" value="2023-07-18"/>
    <property name="java.home" value="C:\Program Files\Apache NetBeans\jdk"/>
    <property name="file.separator" value="\"/>
    <property name="basedir" value="C:\Users\oribe\Documents\NetBeansProjects\A3Group1"/>
    <property name="java.vm.compressedOopsMode" value="Zero based"/>
    <property name="line.separator" value="&#10;"/>
    <property name="java.vm.specification.vendor" value="Oracle Corporation"/>
    <property name="java.specification.name" value="Java Platform API Specification"/>
    <property name="surefire.real.class.path" value="C:\Users\oribe\AppData\Local\Temp\surefire15765953059074121325\surefirebooter-20231210172127527_3.jar"/>
    <property name="user.script" value=""/>
    <property name="sun.management.compiler" value="HotSpot 64-Bit Tiered Compilers"/>
    <property name="java.runtime.version" value="20.0.2+9"/>
    <property name="user.name" value="oribe"/>
    <property name="stdout.encoding" value="Cp1252"/>
    <property name="path.separator" value=";"/>
    <property name="os.version" value="10.0"/>
    <property name="java.runtime.name" value="OpenJDK Runtime Environment"/>
    <property name="file.encoding" value="UTF-8"/>
    <property name="java.vm.name" value="OpenJDK 64-Bit Server VM"/>
    <property name="java.vendor.version" value="Zulu20.32+11-CA"/>
    <property name="maven.ext.class.path" value="C:\Program Files\Apache NetBeans\java\maven-nblib\netbeans-eventspy.jar"/>
    <property name="localRepository" value="C:\Users\oribe\.m2\repository"/>
    <property name="java.vendor.url.bug" value="http://www.azul.com/support/"/>
    <property name="java.io.tmpdir" value="C:\Users\oribe\AppData\Local\Temp\"/>
    <property name="java.version" value="20.0.2"/>
    <property name="user.dir" value="C:\Users\oribe\Documents\NetBeansProjects\A3Group1"/>
    <property name="os.arch" value="amd64"/>
    <property name="java.vm.specification.name" value="Java Virtual Machine Specification"/>
    <property name="sun.os.patch.level" value=""/>
    <property name="native.encoding" value="Cp1252"/>
    <property name="java.library.path" value="C:\Program Files\Apache NetBeans\jdk\bin;C:\Windows\Sun\Java\bin;C:\Windows\system32;C:\Windows;C:\Program Files\Microsoft\jdk-11.0.20.8-hotspot\bin;C:\app\oribe\product\21c\dbhomeXE\bin;C:\Program Files\Microsoft\jdk-11.0.12.7-hotspot\bin;C:\Program Files (x86)\VMware\VMware Workstation\bin\;C:\Windows\system32;C:\Windows;C:\Windows\System32\Wbem;C:\Windows\System32\WindowsPowerShell\v1.0\;C:\Windows\System32\OpenSSH\;C:\Program Files\dotnet\;C:\Program Files\NVIDIA Corporation\NVIDIA NvDLISR;C:\Program Files (x86)\NVIDIA Corporation\PhysX\Common;C:\Program Files\Git\cmd;C:\ProgramData\chocolatey\bin;C:\Program Files\nodejs\;C:\Users\oribe\AppData\Local\Android\Sdk\tools;C:\Users\oribe\AppData\Local\Microsoft\WindowsApps;C:\Users\oribe\AppData\Local\Programs\Microsoft VS Code\bin;C:\Users\oribe\.dotnet\tools;C:\Users\oribe\AppData\Local\GitHubDesktop\bin;C:\Users\oribe\AppData\Local\Android\Sdk\platform-tools;C:\Users\oribe\AppData\Roaming\npm;."/>
    <property name="java.vm.info" value="mixed mode, sharing"/>
    <property name="stderr.encoding" value="Cp1252"/>
    <property name="java.vendor" value="Azul Systems, Inc."/>
    <property name="java.vm.version" value="20.0.2+9"/>
    <property name="sun.io.unicode.encoding" value="UnicodeLittle"/>
    <property name="java.class.version" value="64.0"/>
  </properties>
  <testcase name="testInorderIterator" classname="treeImplementation.BSTreeTest" time="0.009">
    <system-out><![CDATA[inorderIterator
]]></system-out>
  </testcase>
  <testcase name="testAdd" classname="treeImplementation.BSTreeTest" time="0.0">
    <system-out><![CDATA[add
]]></system-out>
  </testcase>
  <testcase name="testClear" classname="treeImplementation.BSTreeTest" time="0.002">
    <system-out><![CDATA[clear
]]></system-out>
  </testcase>
  <testcase name="testSize" classname="treeImplementation.BSTreeTest" time="0.0">
    <system-out><![CDATA[size
]]></system-out>
  </testcase>
  <testcase name="testGetRoot" classname="treeImplementation.BSTreeTest" time="0.0">
    <system-out><![CDATA[getRoot
]]></system-out>
  </testcase>
  <testcase name="testPostorderIterator" classname="treeImplementation.BSTreeTest" time="0.0">
    <system-out><![CDATA[postorderIterator
]]></system-out>
  </testcase>
  <testcase name="testContains" classname="treeImplementation.BSTreeTest" time="0.001">
    <system-out><![CDATA[contains
]]></system-out>
  </testcase>
  <testcase name="testGetHeight" classname="treeImplementation.BSTreeTest" time="0.0">
    <system-out><![CDATA[getHeight
]]></system-out>
  </testcase>
  <testcase name="testPreorderIterator" classname="treeImplementation.BSTreeTest" time="0.0">
    <system-out><![CDATA[preorderIterator
]]></system-out>
  </testcase>
  <testcase name="testIsEmpty" classname="treeImplementation.BSTreeTest" time="0.001">
    <system-out><![CDATA[isEmpty
]]></system-out>
  </testcase>
  <testcase name="testSearch" classname="treeImplementation.BSTreeTest" time="0.0">
    <system-out><![CDATA[search
]]></system-out>
  </testcase>
  <testcase name="testRemoveMax" classname="treeImplementation.BSTreeTest" time="0.0">
    <system-out><![CDATA[removeMax
]]></system-out>
  </testcase>
  <testcase name="testRemoveMin" classname="treeImplementation.BSTreeTest" time="0.001">
    <system-out><![CDATA[removeMin
]]></system-out>
  </testcase>
</testsuite>